16:05:12.145 [TestNG-tests-1] DEBUG - Parsing relationship: /xl/_rels/workbook.xml.rels
16:05:12.162 [TestNG-tests-1] DEBUG - Parsing relationship: /_rels/.rels
16:05:12.423 [TestNG-tests-1] TRACE - Loading type system org.apache.poi.schemas.ooxml.system.ooxml
16:05:12.426 [TestNG-tests-1] TRACE - Loading type system org.apache.xmlbeans.metadata.system.sXMLCONFIG
16:05:12.428 [TestNG-tests-1] TRACE - Loading type system org.apache.xmlbeans.metadata.system.sXMLLANG
16:05:12.429 [TestNG-tests-1] TRACE - Loading type system org.apache.xmlbeans.metadata.system.sXMLSCHEMA
16:05:12.429 [TestNG-tests-1] TRACE - Loading type system org.apache.xmlbeans.metadata.system.sXMLTOOLS
16:05:12.434 [TestNG-tests-1] TRACE - Reading unresolved handles for type system org.apache.xmlbeans.metadata.system.sXMLTOOLS
16:05:12.454 [TestNG-tests-1] TRACE - Finished loading type system org.apache.xmlbeans.metadata.system.sXMLTOOLS
16:05:12.456 [TestNG-tests-1] TRACE - Reading unresolved handles for type system org.apache.xmlbeans.metadata.system.sXMLSCHEMA
16:05:12.460 [TestNG-tests-1] TRACE - Finished loading type system org.apache.xmlbeans.metadata.system.sXMLSCHEMA
16:05:12.462 [TestNG-tests-1] TRACE - Reading unresolved handles for type system org.apache.xmlbeans.metadata.system.sXMLLANG
16:05:12.465 [TestNG-tests-1] TRACE - Finished loading type system org.apache.xmlbeans.metadata.system.sXMLLANG
16:05:12.467 [TestNG-tests-1] TRACE - Reading unresolved handles for type system org.apache.xmlbeans.metadata.system.sXMLCONFIG
16:05:12.468 [TestNG-tests-1] TRACE - Finished loading type system org.apache.xmlbeans.metadata.system.sXMLCONFIG
16:05:12.469 [TestNG-tests-1] TRACE - Reading unresolved handles for type system org.apache.poi.schemas.ooxml.system.ooxml
16:05:12.556 [TestNG-tests-1] TRACE - Finished loading type system org.apache.poi.schemas.ooxml.system.ooxml
16:05:12.556 [TestNG-tests-1] TRACE - Resolving type for handle themefd26doctype
16:05:12.642 [TestNG-tests-1] TRACE - Resolving type for handle stylesheet5d8bdoctype
16:05:12.653 [TestNG-tests-1] TRACE - Resolving type for handle ctstylesheet4257type
16:05:12.662 [TestNG-tests-1] TRACE - Resolving type for handle ctfonts6623type
16:05:12.664 [TestNG-tests-1] TRACE - Resolving type for handle ctfont14d8type
16:05:12.672 [TestNG-tests-1] TRACE - Resolving type for handle ctfills2c6ftype
16:05:12.674 [TestNG-tests-1] TRACE - Resolving type for handle ctfill550ctype
16:05:12.676 [TestNG-tests-1] TRACE - Resolving type for handle ctborders0d66type
16:05:12.678 [TestNG-tests-1] TRACE - Resolving type for handle ctborderf935type
16:05:12.681 [TestNG-tests-1] TRACE - Resolving type for handle ctcellxfs1322type
16:05:12.685 [TestNG-tests-1] TRACE - Resolving type for handle ctxf97f7type
16:05:12.688 [TestNG-tests-1] TRACE - Resolving type for handle ctcellstylexfsa81ftype
16:05:12.690 [TestNG-tests-1] TRACE - Resolving type for handle ctdxfsb26atype
16:05:12.692 [TestNG-tests-1] TRACE - Resolving type for handle cttablestyles872ftype
16:05:12.698 [TestNG-tests-1] TRACE - Resolving type for handle sstf81fdoctype
16:05:12.705 [TestNG-tests-1] TRACE - Resolving type for handle ctsst44f3type
16:05:12.719 [TestNG-tests-1] TRACE - Resolving type for handle ctrsta472type
16:05:12.734 [TestNG-tests-1] TRACE - Resolving type for handle workbookec17doctype
16:05:12.739 [TestNG-tests-1] TRACE - Resolving type for handle ctworkbook83c3type
16:05:12.744 [TestNG-tests-1] TRACE - Resolving type for handle ctsheets49fdtype
16:05:12.747 [TestNG-tests-1] TRACE - Resolving type for handle ctsheet4dbetype
16:05:12.749 [TestNG-tests-1] TRACE - Resolving type for handle strelationshipid1e94type
16:05:12.751 [TestNG-tests-1] TRACE - Resolving type for handle worksheetf539doctype
16:05:12.756 [TestNG-tests-1] TRACE - Resolving type for handle ctworksheet530dtype
16:05:12.764 [TestNG-tests-1] TRACE - Resolving type for handle ctcols627ctype
16:05:12.768 [TestNG-tests-1] TRACE - Resolving type for handle ctcola95ftype
16:05:12.785 [TestNG-tests-1] TRACE - Resolving type for handle ctsheetdata8408type
16:05:12.791 [TestNG-tests-1] TRACE - Resolving type for handle ctrowdd39type
16:05:12.795 [TestNG-tests-1] TRACE - Resolving type for handle ctcell842btype
16:05:12.802 [TestNG-tests-1] TRACE - Resolving type for handle stcellrefe4e0type
16:05:12.808 [TestNG-tests-1] TRACE - Resolving type for handle stxstringf179type
16:05:12.811 [TestNG-tests-1] TRACE - Resolving type for handle stcelltypebf95type
16:05:12.820 [TestNG-tests-1] TRACE - Resolving type for handle stcellstylexfid70c7type
16:05:12.823 [TestNG-tests-1] TRACE - Resolving type for handle stnumfmtid76fbtype
16:07:54.660 [TestNG-tests-1] DEBUG - Parsing relationship: /xl/_rels/workbook.xml.rels
16:07:54.673 [TestNG-tests-1] DEBUG - Parsing relationship: /_rels/.rels
16:07:54.922 [TestNG-tests-1] TRACE - Loading type system org.apache.poi.schemas.ooxml.system.ooxml
16:07:54.925 [TestNG-tests-1] TRACE - Loading type system org.apache.xmlbeans.metadata.system.sXMLCONFIG
16:07:54.926 [TestNG-tests-1] TRACE - Loading type system org.apache.xmlbeans.metadata.system.sXMLLANG
16:07:54.927 [TestNG-tests-1] TRACE - Loading type system org.apache.xmlbeans.metadata.system.sXMLSCHEMA
16:07:54.927 [TestNG-tests-1] TRACE - Loading type system org.apache.xmlbeans.metadata.system.sXMLTOOLS
16:07:54.928 [TestNG-tests-1] TRACE - Reading unresolved handles for type system org.apache.xmlbeans.metadata.system.sXMLTOOLS
16:07:54.945 [TestNG-tests-1] TRACE - Finished loading type system org.apache.xmlbeans.metadata.system.sXMLTOOLS
16:07:54.946 [TestNG-tests-1] TRACE - Reading unresolved handles for type system org.apache.xmlbeans.metadata.system.sXMLSCHEMA
16:07:54.954 [TestNG-tests-1] TRACE - Finished loading type system org.apache.xmlbeans.metadata.system.sXMLSCHEMA
16:07:54.955 [TestNG-tests-1] TRACE - Reading unresolved handles for type system org.apache.xmlbeans.metadata.system.sXMLLANG
16:07:54.956 [TestNG-tests-1] TRACE - Finished loading type system org.apache.xmlbeans.metadata.system.sXMLLANG
16:07:54.957 [TestNG-tests-1] TRACE - Reading unresolved handles for type system org.apache.xmlbeans.metadata.system.sXMLCONFIG
16:07:54.958 [TestNG-tests-1] TRACE - Finished loading type system org.apache.xmlbeans.metadata.system.sXMLCONFIG
16:07:54.959 [TestNG-tests-1] TRACE - Reading unresolved handles for type system org.apache.poi.schemas.ooxml.system.ooxml
16:07:55.069 [TestNG-tests-1] TRACE - Finished loading type system org.apache.poi.schemas.ooxml.system.ooxml
16:07:55.070 [TestNG-tests-1] TRACE - Resolving type for handle themefd26doctype
16:07:55.185 [TestNG-tests-1] TRACE - Resolving type for handle stylesheet5d8bdoctype
16:07:55.197 [TestNG-tests-1] TRACE - Resolving type for handle ctstylesheet4257type
16:07:55.203 [TestNG-tests-1] TRACE - Resolving type for handle ctfonts6623type
16:07:55.206 [TestNG-tests-1] TRACE - Resolving type for handle ctfont14d8type
16:07:55.216 [TestNG-tests-1] TRACE - Resolving type for handle ctfills2c6ftype
16:07:55.219 [TestNG-tests-1] TRACE - Resolving type for handle ctfill550ctype
16:07:55.221 [TestNG-tests-1] TRACE - Resolving type for handle ctborders0d66type
16:07:55.223 [TestNG-tests-1] TRACE - Resolving type for handle ctborderf935type
16:07:55.226 [TestNG-tests-1] TRACE - Resolving type for handle ctcellxfs1322type
16:07:55.230 [TestNG-tests-1] TRACE - Resolving type for handle ctxf97f7type
16:07:55.236 [TestNG-tests-1] TRACE - Resolving type for handle ctcellstylexfsa81ftype
16:07:55.239 [TestNG-tests-1] TRACE - Resolving type for handle ctdxfsb26atype
16:07:55.242 [TestNG-tests-1] TRACE - Resolving type for handle cttablestyles872ftype
16:07:55.245 [TestNG-tests-1] TRACE - Resolving type for handle sstf81fdoctype
16:07:55.251 [TestNG-tests-1] TRACE - Resolving type for handle ctsst44f3type
16:07:55.259 [TestNG-tests-1] TRACE - Resolving type for handle ctrsta472type
16:07:55.273 [TestNG-tests-1] TRACE - Resolving type for handle workbookec17doctype
16:07:55.278 [TestNG-tests-1] TRACE - Resolving type for handle ctworkbook83c3type
16:07:55.283 [TestNG-tests-1] TRACE - Resolving type for handle ctsheets49fdtype
16:07:55.285 [TestNG-tests-1] TRACE - Resolving type for handle ctsheet4dbetype
16:07:55.286 [TestNG-tests-1] TRACE - Resolving type for handle strelationshipid1e94type
16:07:55.288 [TestNG-tests-1] TRACE - Resolving type for handle worksheetf539doctype
16:07:55.293 [TestNG-tests-1] TRACE - Resolving type for handle ctworksheet530dtype
16:07:55.300 [TestNG-tests-1] TRACE - Resolving type for handle ctcols627ctype
16:07:55.304 [TestNG-tests-1] TRACE - Resolving type for handle ctcola95ftype
16:07:55.315 [TestNG-tests-1] TRACE - Resolving type for handle ctsheetdata8408type
16:07:55.319 [TestNG-tests-1] TRACE - Resolving type for handle ctrowdd39type
16:07:55.328 [TestNG-tests-1] TRACE - Resolving type for handle ctcell842btype
16:07:55.334 [TestNG-tests-1] TRACE - Resolving type for handle stcellrefe4e0type
16:07:55.339 [TestNG-tests-1] TRACE - Resolving type for handle stxstringf179type
16:07:55.341 [TestNG-tests-1] TRACE - Resolving type for handle stcelltypebf95type
16:07:55.347 [TestNG-tests-1] TRACE - Resolving type for handle stcellstylexfid70c7type
16:07:55.350 [TestNG-tests-1] TRACE - Resolving type for handle stnumfmtid76fbtype
16:11:11.010 [TestNG-tests-1] DEBUG - Parsing relationship: /xl/_rels/workbook.xml.rels
16:11:11.018 [TestNG-tests-1] DEBUG - Parsing relationship: /_rels/.rels
16:11:11.174 [TestNG-tests-1] TRACE - Loading type system org.apache.poi.schemas.ooxml.system.ooxml
16:11:11.179 [TestNG-tests-1] TRACE - Loading type system org.apache.xmlbeans.metadata.system.sXMLCONFIG
16:11:11.179 [TestNG-tests-1] TRACE - Loading type system org.apache.xmlbeans.metadata.system.sXMLLANG
16:11:11.180 [TestNG-tests-1] TRACE - Loading type system org.apache.xmlbeans.metadata.system.sXMLSCHEMA
16:11:11.180 [TestNG-tests-1] TRACE - Loading type system org.apache.xmlbeans.metadata.system.sXMLTOOLS
16:11:11.181 [TestNG-tests-1] TRACE - Reading unresolved handles for type system org.apache.xmlbeans.metadata.system.sXMLTOOLS
16:11:11.192 [TestNG-tests-1] TRACE - Finished loading type system org.apache.xmlbeans.metadata.system.sXMLTOOLS
16:11:11.204 [TestNG-tests-1] TRACE - Reading unresolved handles for type system org.apache.xmlbeans.metadata.system.sXMLSCHEMA
16:11:11.212 [TestNG-tests-1] TRACE - Finished loading type system org.apache.xmlbeans.metadata.system.sXMLSCHEMA
16:11:11.213 [TestNG-tests-1] TRACE - Reading unresolved handles for type system org.apache.xmlbeans.metadata.system.sXMLLANG
16:11:11.214 [TestNG-tests-1] TRACE - Finished loading type system org.apache.xmlbeans.metadata.system.sXMLLANG
16:11:11.215 [TestNG-tests-1] TRACE - Reading unresolved handles for type system org.apache.xmlbeans.metadata.system.sXMLCONFIG
16:11:11.216 [TestNG-tests-1] TRACE - Finished loading type system org.apache.xmlbeans.metadata.system.sXMLCONFIG
16:11:11.217 [TestNG-tests-1] TRACE - Reading unresolved handles for type system org.apache.poi.schemas.ooxml.system.ooxml
16:11:11.278 [TestNG-tests-1] TRACE - Finished loading type system org.apache.poi.schemas.ooxml.system.ooxml
16:11:11.279 [TestNG-tests-1] TRACE - Resolving type for handle themefd26doctype
16:11:11.349 [TestNG-tests-1] TRACE - Resolving type for handle stylesheet5d8bdoctype
16:11:11.357 [TestNG-tests-1] TRACE - Resolving type for handle ctstylesheet4257type
16:11:11.364 [TestNG-tests-1] TRACE - Resolving type for handle ctfonts6623type
16:11:11.367 [TestNG-tests-1] TRACE - Resolving type for handle ctfont14d8type
16:11:11.375 [TestNG-tests-1] TRACE - Resolving type for handle ctfills2c6ftype
16:11:11.378 [TestNG-tests-1] TRACE - Resolving type for handle ctfill550ctype
16:11:11.381 [TestNG-tests-1] TRACE - Resolving type for handle ctborders0d66type
16:11:11.383 [TestNG-tests-1] TRACE - Resolving type for handle ctborderf935type
16:11:11.386 [TestNG-tests-1] TRACE - Resolving type for handle ctcellxfs1322type
16:11:11.388 [TestNG-tests-1] TRACE - Resolving type for handle ctxf97f7type
16:11:11.391 [TestNG-tests-1] TRACE - Resolving type for handle ctcellstylexfsa81ftype
16:11:11.392 [TestNG-tests-1] TRACE - Resolving type for handle ctdxfsb26atype
16:11:11.394 [TestNG-tests-1] TRACE - Resolving type for handle cttablestyles872ftype
16:11:11.397 [TestNG-tests-1] TRACE - Resolving type for handle sstf81fdoctype
16:11:11.401 [TestNG-tests-1] TRACE - Resolving type for handle ctsst44f3type
16:11:11.408 [TestNG-tests-1] TRACE - Resolving type for handle ctrsta472type
16:11:11.422 [TestNG-tests-1] TRACE - Resolving type for handle workbookec17doctype
16:11:11.427 [TestNG-tests-1] TRACE - Resolving type for handle ctworkbook83c3type
16:11:11.431 [TestNG-tests-1] TRACE - Resolving type for handle ctsheets49fdtype
16:11:11.434 [TestNG-tests-1] TRACE - Resolving type for handle ctsheet4dbetype
16:11:11.435 [TestNG-tests-1] TRACE - Resolving type for handle strelationshipid1e94type
16:11:11.437 [TestNG-tests-1] TRACE - Resolving type for handle worksheetf539doctype
16:11:11.441 [TestNG-tests-1] TRACE - Resolving type for handle ctworksheet530dtype
16:11:11.450 [TestNG-tests-1] TRACE - Resolving type for handle ctcols627ctype
16:11:11.454 [TestNG-tests-1] TRACE - Resolving type for handle ctcola95ftype
16:11:11.464 [TestNG-tests-1] TRACE - Resolving type for handle ctsheetdata8408type
16:11:11.467 [TestNG-tests-1] TRACE - Resolving type for handle ctrowdd39type
16:11:11.472 [TestNG-tests-1] TRACE - Resolving type for handle ctcell842btype
16:11:11.478 [TestNG-tests-1] TRACE - Resolving type for handle stcellrefe4e0type
16:11:11.484 [TestNG-tests-1] TRACE - Resolving type for handle stxstringf179type
16:11:11.486 [TestNG-tests-1] TRACE - Resolving type for handle stcelltypebf95type
16:11:11.492 [TestNG-tests-1] TRACE - Resolving type for handle stcellstylexfid70c7type
16:11:11.497 [TestNG-tests-1] TRACE - Resolving type for handle stnumfmtid76fbtype
19:48:41.979 [TestNG-tests-1] DEBUG - Parsing relationship: /xl/_rels/workbook.xml.rels
19:48:41.990 [TestNG-tests-1] DEBUG - Parsing relationship: /_rels/.rels
19:48:42.198 [TestNG-tests-1] TRACE - Loading type system org.apache.poi.schemas.ooxml.system.ooxml
19:48:42.201 [TestNG-tests-1] TRACE - Loading type system org.apache.xmlbeans.metadata.system.sXMLCONFIG
19:48:42.202 [TestNG-tests-1] TRACE - Loading type system org.apache.xmlbeans.metadata.system.sXMLLANG
19:48:42.202 [TestNG-tests-1] TRACE - Loading type system org.apache.xmlbeans.metadata.system.sXMLSCHEMA
19:48:42.203 [TestNG-tests-1] TRACE - Loading type system org.apache.xmlbeans.metadata.system.sXMLTOOLS
19:48:42.204 [TestNG-tests-1] TRACE - Reading unresolved handles for type system org.apache.xmlbeans.metadata.system.sXMLTOOLS
19:48:42.214 [TestNG-tests-1] TRACE - Finished loading type system org.apache.xmlbeans.metadata.system.sXMLTOOLS
19:48:42.215 [TestNG-tests-1] TRACE - Reading unresolved handles for type system org.apache.xmlbeans.metadata.system.sXMLSCHEMA
19:48:42.221 [TestNG-tests-1] TRACE - Finished loading type system org.apache.xmlbeans.metadata.system.sXMLSCHEMA
19:48:42.222 [TestNG-tests-1] TRACE - Reading unresolved handles for type system org.apache.xmlbeans.metadata.system.sXMLLANG
19:48:42.223 [TestNG-tests-1] TRACE - Finished loading type system org.apache.xmlbeans.metadata.system.sXMLLANG
19:48:42.224 [TestNG-tests-1] TRACE - Reading unresolved handles for type system org.apache.xmlbeans.metadata.system.sXMLCONFIG
19:48:42.224 [TestNG-tests-1] TRACE - Finished loading type system org.apache.xmlbeans.metadata.system.sXMLCONFIG
19:48:42.225 [TestNG-tests-1] TRACE - Reading unresolved handles for type system org.apache.poi.schemas.ooxml.system.ooxml
19:48:42.291 [TestNG-tests-1] TRACE - Finished loading type system org.apache.poi.schemas.ooxml.system.ooxml
19:48:42.292 [TestNG-tests-1] TRACE - Resolving type for handle themefd26doctype
19:48:42.372 [TestNG-tests-1] TRACE - Resolving type for handle stylesheet5d8bdoctype
19:48:42.379 [TestNG-tests-1] TRACE - Resolving type for handle ctstylesheet4257type
19:48:42.385 [TestNG-tests-1] TRACE - Resolving type for handle ctfonts6623type
19:48:42.389 [TestNG-tests-1] TRACE - Resolving type for handle ctfont14d8type
19:48:42.394 [TestNG-tests-1] TRACE - Resolving type for handle ctfills2c6ftype
19:48:42.396 [TestNG-tests-1] TRACE - Resolving type for handle ctfill550ctype
19:48:42.398 [TestNG-tests-1] TRACE - Resolving type for handle ctborders0d66type
19:48:42.399 [TestNG-tests-1] TRACE - Resolving type for handle ctborderf935type
19:48:42.401 [TestNG-tests-1] TRACE - Resolving type for handle ctcellxfs1322type
19:48:42.405 [TestNG-tests-1] TRACE - Resolving type for handle ctxf97f7type
19:48:42.407 [TestNG-tests-1] TRACE - Resolving type for handle ctcellstylexfsa81ftype
19:48:42.408 [TestNG-tests-1] TRACE - Resolving type for handle ctdxfsb26atype
19:48:42.411 [TestNG-tests-1] TRACE - Resolving type for handle cttablestyles872ftype
19:48:42.415 [TestNG-tests-1] TRACE - Resolving type for handle sstf81fdoctype
19:48:42.418 [TestNG-tests-1] TRACE - Resolving type for handle ctsst44f3type
19:48:42.426 [TestNG-tests-1] TRACE - Resolving type for handle ctrsta472type
19:48:42.442 [TestNG-tests-1] TRACE - Resolving type for handle workbookec17doctype
19:48:42.448 [TestNG-tests-1] TRACE - Resolving type for handle ctworkbook83c3type
19:48:42.454 [TestNG-tests-1] TRACE - Resolving type for handle ctsheets49fdtype
19:48:42.456 [TestNG-tests-1] TRACE - Resolving type for handle ctsheet4dbetype
19:48:42.458 [TestNG-tests-1] TRACE - Resolving type for handle strelationshipid1e94type
19:48:42.460 [TestNG-tests-1] TRACE - Resolving type for handle worksheetf539doctype
19:48:42.463 [TestNG-tests-1] TRACE - Resolving type for handle ctworksheet530dtype
19:48:42.470 [TestNG-tests-1] TRACE - Resolving type for handle ctcols627ctype
19:48:42.474 [TestNG-tests-1] TRACE - Resolving type for handle ctcola95ftype
19:48:42.483 [TestNG-tests-1] TRACE - Resolving type for handle ctsheetdata8408type
19:48:42.485 [TestNG-tests-1] TRACE - Resolving type for handle ctrowdd39type
19:48:42.489 [TestNG-tests-1] TRACE - Resolving type for handle ctcell842btype
19:48:42.495 [TestNG-tests-1] TRACE - Resolving type for handle stcellrefe4e0type
19:48:42.501 [TestNG-tests-1] TRACE - Resolving type for handle stxstringf179type
19:48:42.503 [TestNG-tests-1] TRACE - Resolving type for handle stcelltypebf95type
19:48:42.510 [TestNG-tests-1] TRACE - Resolving type for handle stcellstylexfid70c7type
19:48:42.512 [TestNG-tests-1] TRACE - Resolving type for handle stnumfmtid76fbtype
19:53:08.971 [TestNG-tests-1] DEBUG - Parsing relationship: /xl/_rels/workbook.xml.rels
19:53:08.996 [TestNG-tests-1] DEBUG - Parsing relationship: /_rels/.rels
19:53:09.370 [TestNG-tests-1] TRACE - Loading type system org.apache.poi.schemas.ooxml.system.ooxml
19:53:09.370 [TestNG-tests-1] TRACE - Loading type system org.apache.xmlbeans.metadata.system.sXMLCONFIG
19:53:09.386 [TestNG-tests-1] TRACE - Loading type system org.apache.xmlbeans.metadata.system.sXMLLANG
19:53:09.386 [TestNG-tests-1] TRACE - Loading type system org.apache.xmlbeans.metadata.system.sXMLSCHEMA
19:53:09.386 [TestNG-tests-1] TRACE - Loading type system org.apache.xmlbeans.metadata.system.sXMLTOOLS
19:53:09.386 [TestNG-tests-1] TRACE - Reading unresolved handles for type system org.apache.xmlbeans.metadata.system.sXMLTOOLS
19:53:09.402 [TestNG-tests-1] TRACE - Finished loading type system org.apache.xmlbeans.metadata.system.sXMLTOOLS
19:53:09.402 [TestNG-tests-1] TRACE - Reading unresolved handles for type system org.apache.xmlbeans.metadata.system.sXMLSCHEMA
19:53:09.418 [TestNG-tests-1] TRACE - Finished loading type system org.apache.xmlbeans.metadata.system.sXMLSCHEMA
19:53:09.418 [TestNG-tests-1] TRACE - Reading unresolved handles for type system org.apache.xmlbeans.metadata.system.sXMLLANG
19:53:09.434 [TestNG-tests-1] TRACE - Finished loading type system org.apache.xmlbeans.metadata.system.sXMLLANG
19:53:09.434 [TestNG-tests-1] TRACE - Reading unresolved handles for type system org.apache.xmlbeans.metadata.system.sXMLCONFIG
19:53:09.434 [TestNG-tests-1] TRACE - Finished loading type system org.apache.xmlbeans.metadata.system.sXMLCONFIG
19:53:09.434 [TestNG-tests-1] TRACE - Reading unresolved handles for type system org.apache.poi.schemas.ooxml.system.ooxml
19:53:09.562 [TestNG-tests-1] TRACE - Finished loading type system org.apache.poi.schemas.ooxml.system.ooxml
19:53:09.562 [TestNG-tests-1] TRACE - Resolving type for handle themefd26doctype
19:53:09.773 [TestNG-tests-1] TRACE - Resolving type for handle stylesheet5d8bdoctype
19:53:09.788 [TestNG-tests-1] TRACE - Resolving type for handle ctstylesheet4257type
19:53:09.796 [TestNG-tests-1] TRACE - Resolving type for handle ctfonts6623type
19:53:09.796 [TestNG-tests-1] TRACE - Resolving type for handle ctfont14d8type
19:53:09.829 [TestNG-tests-1] TRACE - Resolving type for handle ctfills2c6ftype
19:53:09.829 [TestNG-tests-1] TRACE - Resolving type for handle ctfill550ctype
19:53:09.838 [TestNG-tests-1] TRACE - Resolving type for handle ctborders0d66type
19:53:09.838 [TestNG-tests-1] TRACE - Resolving type for handle ctborderf935type
19:53:09.838 [TestNG-tests-1] TRACE - Resolving type for handle ctcellxfs1322type
19:53:09.853 [TestNG-tests-1] TRACE - Resolving type for handle ctxf97f7type
19:53:09.870 [TestNG-tests-1] TRACE - Resolving type for handle ctcellstylexfsa81ftype
19:53:09.870 [TestNG-tests-1] TRACE - Resolving type for handle ctdxfsb26atype
19:53:09.870 [TestNG-tests-1] TRACE - Resolving type for handle cttablestyles872ftype
19:53:09.870 [TestNG-tests-1] TRACE - Resolving type for handle sstf81fdoctype
19:53:09.894 [TestNG-tests-1] TRACE - Resolving type for handle ctsst44f3type
19:53:09.903 [TestNG-tests-1] TRACE - Resolving type for handle ctrsta472type
19:53:09.936 [TestNG-tests-1] TRACE - Resolving type for handle workbookec17doctype
19:53:09.936 [TestNG-tests-1] TRACE - Resolving type for handle ctworkbook83c3type
19:53:09.952 [TestNG-tests-1] TRACE - Resolving type for handle ctsheets49fdtype
19:53:09.961 [TestNG-tests-1] TRACE - Resolving type for handle ctsheet4dbetype
19:53:09.961 [TestNG-tests-1] TRACE - Resolving type for handle strelationshipid1e94type
19:53:09.961 [TestNG-tests-1] TRACE - Resolving type for handle worksheetf539doctype
19:53:09.979 [TestNG-tests-1] TRACE - Resolving type for handle ctworksheet530dtype
19:53:09.994 [TestNG-tests-1] TRACE - Resolving type for handle ctcols627ctype
19:53:10.002 [TestNG-tests-1] TRACE - Resolving type for handle ctcola95ftype
19:53:10.036 [TestNG-tests-1] TRACE - Resolving type for handle ctsheetdata8408type
19:53:10.044 [TestNG-tests-1] TRACE - Resolving type for handle ctrowdd39type
19:53:10.053 [TestNG-tests-1] TRACE - Resolving type for handle ctcell842btype
19:53:10.069 [TestNG-tests-1] TRACE - Resolving type for handle stcellrefe4e0type
19:53:10.085 [TestNG-tests-1] TRACE - Resolving type for handle stxstringf179type
19:53:10.085 [TestNG-tests-1] TRACE - Resolving type for handle stcelltypebf95type
19:53:10.101 [TestNG-tests-1] TRACE - Resolving type for handle stcellstylexfid70c7type
19:53:10.101 [TestNG-tests-1] TRACE - Resolving type for handle stnumfmtid76fbtype
17:34:05.232 [TestNG-tests-1] DEBUG - Parsing relationship: /xl/_rels/workbook.xml.rels
17:34:05.239 [TestNG-tests-1] DEBUG - Parsing relationship: /_rels/.rels
17:34:05.455 [TestNG-tests-1] TRACE - Loading type system org.apache.poi.schemas.ooxml.system.ooxml
17:34:05.459 [TestNG-tests-1] TRACE - Loading type system org.apache.xmlbeans.metadata.system.sXMLCONFIG
17:34:05.460 [TestNG-tests-1] TRACE - Loading type system org.apache.xmlbeans.metadata.system.sXMLLANG
17:34:05.460 [TestNG-tests-1] TRACE - Loading type system org.apache.xmlbeans.metadata.system.sXMLSCHEMA
17:34:05.461 [TestNG-tests-1] TRACE - Loading type system org.apache.xmlbeans.metadata.system.sXMLTOOLS
17:34:05.462 [TestNG-tests-1] TRACE - Reading unresolved handles for type system org.apache.xmlbeans.metadata.system.sXMLTOOLS
17:34:05.475 [TestNG-tests-1] TRACE - Finished loading type system org.apache.xmlbeans.metadata.system.sXMLTOOLS
17:34:05.476 [TestNG-tests-1] TRACE - Reading unresolved handles for type system org.apache.xmlbeans.metadata.system.sXMLSCHEMA
17:34:05.482 [TestNG-tests-1] TRACE - Finished loading type system org.apache.xmlbeans.metadata.system.sXMLSCHEMA
17:34:05.483 [TestNG-tests-1] TRACE - Reading unresolved handles for type system org.apache.xmlbeans.metadata.system.sXMLLANG
17:34:05.484 [TestNG-tests-1] TRACE - Finished loading type system org.apache.xmlbeans.metadata.system.sXMLLANG
17:34:05.488 [TestNG-tests-1] TRACE - Reading unresolved handles for type system org.apache.xmlbeans.metadata.system.sXMLCONFIG
17:34:05.489 [TestNG-tests-1] TRACE - Finished loading type system org.apache.xmlbeans.metadata.system.sXMLCONFIG
17:34:05.490 [TestNG-tests-1] TRACE - Reading unresolved handles for type system org.apache.poi.schemas.ooxml.system.ooxml
17:34:05.582 [TestNG-tests-1] TRACE - Finished loading type system org.apache.poi.schemas.ooxml.system.ooxml
17:34:05.583 [TestNG-tests-1] TRACE - Resolving type for handle themefd26doctype
17:34:05.688 [TestNG-tests-1] TRACE - Resolving type for handle stylesheet5d8bdoctype
17:34:05.698 [TestNG-tests-1] TRACE - Resolving type for handle ctstylesheet4257type
17:34:05.705 [TestNG-tests-1] TRACE - Resolving type for handle ctfonts6623type
17:34:05.709 [TestNG-tests-1] TRACE - Resolving type for handle ctfont14d8type
17:34:05.714 [TestNG-tests-1] TRACE - Resolving type for handle ctfills2c6ftype
17:34:05.716 [TestNG-tests-1] TRACE - Resolving type for handle ctfill550ctype
17:34:05.719 [TestNG-tests-1] TRACE - Resolving type for handle ctborders0d66type
17:34:05.722 [TestNG-tests-1] TRACE - Resolving type for handle ctborderf935type
17:34:05.725 [TestNG-tests-1] TRACE - Resolving type for handle ctcellxfs1322type
17:34:05.731 [TestNG-tests-1] TRACE - Resolving type for handle ctxf97f7type
17:34:05.736 [TestNG-tests-1] TRACE - Resolving type for handle ctcellstylexfsa81ftype
17:34:05.741 [TestNG-tests-1] TRACE - Resolving type for handle ctdxfsb26atype
17:34:05.744 [TestNG-tests-1] TRACE - Resolving type for handle cttablestyles872ftype
17:34:05.748 [TestNG-tests-1] TRACE - Resolving type for handle sstf81fdoctype
17:34:05.753 [TestNG-tests-1] TRACE - Resolving type for handle ctsst44f3type
17:34:05.762 [TestNG-tests-1] TRACE - Resolving type for handle ctrsta472type
17:34:05.782 [TestNG-tests-1] TRACE - Resolving type for handle workbookec17doctype
17:34:05.795 [TestNG-tests-1] TRACE - Resolving type for handle ctworkbook83c3type
17:34:05.804 [TestNG-tests-1] TRACE - Resolving type for handle ctsheets49fdtype
17:34:05.818 [TestNG-tests-1] TRACE - Resolving type for handle ctsheet4dbetype
17:34:05.824 [TestNG-tests-1] TRACE - Resolving type for handle strelationshipid1e94type
17:34:05.830 [TestNG-tests-1] TRACE - Resolving type for handle worksheetf539doctype
17:34:05.842 [TestNG-tests-1] TRACE - Resolving type for handle ctworksheet530dtype
17:34:05.864 [TestNG-tests-1] TRACE - Resolving type for handle ctcols627ctype
17:34:05.878 [TestNG-tests-1] TRACE - Resolving type for handle ctcola95ftype
17:34:05.901 [TestNG-tests-1] TRACE - Resolving type for handle ctsheetdata8408type
17:34:05.907 [TestNG-tests-1] TRACE - Resolving type for handle ctrowdd39type
17:34:05.913 [TestNG-tests-1] TRACE - Resolving type for handle ctcell842btype
17:34:05.921 [TestNG-tests-1] TRACE - Resolving type for handle stcellrefe4e0type
17:34:05.930 [TestNG-tests-1] TRACE - Resolving type for handle stxstringf179type
17:34:05.933 [TestNG-tests-1] TRACE - Resolving type for handle stcelltypebf95type
17:34:05.943 [TestNG-tests-1] TRACE - Resolving type for handle stcellstylexfid70c7type
17:34:05.946 [TestNG-tests-1] TRACE - Resolving type for handle stnumfmtid76fbtype
17:45:58.006 [TestNG-tests-1] DEBUG - Parsing relationship: /xl/_rels/workbook.xml.rels
17:45:58.022 [TestNG-tests-1] DEBUG - Parsing relationship: /_rels/.rels
17:45:58.326 [TestNG-tests-1] TRACE - Loading type system org.apache.poi.schemas.ooxml.system.ooxml
17:45:58.326 [TestNG-tests-1] TRACE - Loading type system org.apache.xmlbeans.metadata.system.sXMLCONFIG
17:45:58.326 [TestNG-tests-1] TRACE - Loading type system org.apache.xmlbeans.metadata.system.sXMLLANG
17:45:58.326 [TestNG-tests-1] TRACE - Loading type system org.apache.xmlbeans.metadata.system.sXMLSCHEMA
17:45:58.326 [TestNG-tests-1] TRACE - Loading type system org.apache.xmlbeans.metadata.system.sXMLTOOLS
17:45:58.342 [TestNG-tests-1] TRACE - Reading unresolved handles for type system org.apache.xmlbeans.metadata.system.sXMLTOOLS
17:45:58.358 [TestNG-tests-1] TRACE - Finished loading type system org.apache.xmlbeans.metadata.system.sXMLTOOLS
17:45:58.358 [TestNG-tests-1] TRACE - Reading unresolved handles for type system org.apache.xmlbeans.metadata.system.sXMLSCHEMA
17:45:58.390 [TestNG-tests-1] TRACE - Finished loading type system org.apache.xmlbeans.metadata.system.sXMLSCHEMA
17:45:58.406 [TestNG-tests-1] TRACE - Reading unresolved handles for type system org.apache.xmlbeans.metadata.system.sXMLLANG
17:45:58.406 [TestNG-tests-1] TRACE - Finished loading type system org.apache.xmlbeans.metadata.system.sXMLLANG
17:45:58.406 [TestNG-tests-1] TRACE - Reading unresolved handles for type system org.apache.xmlbeans.metadata.system.sXMLCONFIG
17:45:58.406 [TestNG-tests-1] TRACE - Finished loading type system org.apache.xmlbeans.metadata.system.sXMLCONFIG
17:45:58.406 [TestNG-tests-1] TRACE - Reading unresolved handles for type system org.apache.poi.schemas.ooxml.system.ooxml
17:45:58.486 [TestNG-tests-1] TRACE - Finished loading type system org.apache.poi.schemas.ooxml.system.ooxml
17:45:58.486 [TestNG-tests-1] TRACE - Resolving type for handle themefd26doctype
17:45:58.693 [TestNG-tests-1] TRACE - Resolving type for handle stylesheet5d8bdoctype
17:45:58.725 [TestNG-tests-1] TRACE - Resolving type for handle ctstylesheet4257type
17:45:58.741 [TestNG-tests-1] TRACE - Resolving type for handle ctfonts6623type
17:45:58.741 [TestNG-tests-1] TRACE - Resolving type for handle ctfont14d8type
17:45:58.757 [TestNG-tests-1] TRACE - Resolving type for handle ctfills2c6ftype
17:45:58.757 [TestNG-tests-1] TRACE - Resolving type for handle ctfill550ctype
17:45:58.773 [TestNG-tests-1] TRACE - Resolving type for handle ctborders0d66type
17:45:58.781 [TestNG-tests-1] TRACE - Resolving type for handle ctborderf935type
17:45:58.781 [TestNG-tests-1] TRACE - Resolving type for handle ctcellxfs1322type
17:45:58.789 [TestNG-tests-1] TRACE - Resolving type for handle ctxf97f7type
17:45:58.789 [TestNG-tests-1] TRACE - Resolving type for handle ctcellstylexfsa81ftype
17:45:58.789 [TestNG-tests-1] TRACE - Resolving type for handle ctdxfsb26atype
17:45:58.789 [TestNG-tests-1] TRACE - Resolving type for handle cttablestyles872ftype
17:45:58.805 [TestNG-tests-1] TRACE - Resolving type for handle sstf81fdoctype
17:45:58.805 [TestNG-tests-1] TRACE - Resolving type for handle ctsst44f3type
17:45:58.821 [TestNG-tests-1] TRACE - Resolving type for handle ctrsta472type
17:45:58.853 [TestNG-tests-1] TRACE - Resolving type for handle workbookec17doctype
17:45:58.865 [TestNG-tests-1] TRACE - Resolving type for handle ctworkbook83c3type
17:45:58.869 [TestNG-tests-1] TRACE - Resolving type for handle ctsheets49fdtype
17:45:58.869 [TestNG-tests-1] TRACE - Resolving type for handle ctsheet4dbetype
17:45:58.869 [TestNG-tests-1] TRACE - Resolving type for handle strelationshipid1e94type
17:45:58.883 [TestNG-tests-1] TRACE - Resolving type for handle worksheetf539doctype
17:45:58.887 [TestNG-tests-1] TRACE - Resolving type for handle ctworksheet530dtype
17:45:58.901 [TestNG-tests-1] TRACE - Resolving type for handle ctcols627ctype
17:45:58.901 [TestNG-tests-1] TRACE - Resolving type for handle ctcola95ftype
17:45:58.933 [TestNG-tests-1] TRACE - Resolving type for handle ctsheetdata8408type
17:45:58.933 [TestNG-tests-1] TRACE - Resolving type for handle ctrowdd39type
17:45:58.933 [TestNG-tests-1] TRACE - Resolving type for handle ctcell842btype
17:45:58.949 [TestNG-tests-1] TRACE - Resolving type for handle stcellrefe4e0type
17:45:58.949 [TestNG-tests-1] TRACE - Resolving type for handle stxstringf179type
17:45:58.949 [TestNG-tests-1] TRACE - Resolving type for handle stcelltypebf95type
17:45:58.965 [TestNG-tests-1] TRACE - Resolving type for handle stcellstylexfid70c7type
17:45:58.965 [TestNG-tests-1] TRACE - Resolving type for handle stnumfmtid76fbtype
